
*** Running vivado
    with args -log screen_top.vds -m64 -mode batch -messageDb vivado.pb -notrace -source screen_top.tcl

WARNING: Default location for XILINX_VIVADO_HLS not found: 

****** Vivado v2015.1 (64-bit)
  **** SW Build 1215546 on Mon Apr 27 19:07:21 MDT 2015
  **** IP Build 1209967 on Tue Apr 21 11:39:20 MDT 2015
    ** Copyright 1986-2015 Xilinx, Inc. All Rights Reserved.

source screen_top.tcl -notrace
Command: synth_design -top screen_top -part xc7a100tcsg324-1
Starting synth_design
Attempting to get a license for feature 'Synthesis' and/or device 'xc7a100t'
INFO: [Common 17-349] Got license for feature 'Synthesis' and/or device 'xc7a100t'
WARNING: [Synth 8-2611] redeclaration of ansi port clkin is not allowed [/home/hastings/Lab10/Lab10.srcs/sources_1/imports/lab11/clockdiv.sv:13]
WARNING: [Synth 8-976] clkin has already been declared [/home/hastings/Lab10/Lab10.srcs/sources_1/imports/lab11/clockdiv.sv:13]
WARNING: [Synth 8-2654] second declaration of clkin ignored [/home/hastings/Lab10/Lab10.srcs/sources_1/imports/lab11/clockdiv.sv:13]
INFO: [Synth 8-994] clkin is declared here [/home/hastings/Lab10/Lab10.srcs/sources_1/imports/lab11/clockdiv.sv:11]
---------------------------------------------------------------------------------
Starting RTL Elaboration : Time (s): cpu = 00:00:06 ; elapsed = 00:00:11 . Memory (MB): peak = 958.797 ; gain = 154.488 ; free physical = 163 ; free virtual = 4510
---------------------------------------------------------------------------------
INFO: [Synth 8-638] synthesizing module 'screen_top' [/home/hastings/Lab10/Lab10.srcs/sources_1/new/screen_top.sv:23]
	Parameter imem_init bound to: bounce7.mif - type: string 
	Parameter dmem_init bound to: screentest_dmem.mif - type: string 
INFO: [Synth 8-638] synthesizing module 'clockdivider_Nexys4' [/home/hastings/Lab10/Lab10.srcs/sources_1/imports/lab11/clockdiv.sv:11]
	Parameter N bound to: 2 - type: integer 
INFO: [Synth 8-638] synthesizing module 'MMCME2_BASE' [/opt/Xilinx/Vivado/2015.1/scripts/rt/data/unisim_comp.v:16119]
	Parameter BANDWIDTH bound to: OPTIMIZED - type: string 
	Parameter CLKFBOUT_MULT_F bound to: 10.000000 - type: float 
	Parameter CLKFBOUT_PHASE bound to: 0.000000 - type: float 
	Parameter CLKIN1_PERIOD bound to: 10.000000 - type: float 
	Parameter CLKOUT0_DIVIDE_F bound to: 10.000000 - type: float 
	Parameter CLKOUT0_DUTY_CYCLE bound to: 0.500000 - type: float 
	Parameter CLKOUT0_PHASE bound to: 0.000000 - type: float 
	Parameter CLKOUT1_DIVIDE bound to: 20 - type: integer 
	Parameter CLKOUT1_DUTY_CYCLE bound to: 0.500000 - type: float 
	Parameter CLKOUT1_PHASE bound to: 0.000000 - type: float 
	Parameter CLKOUT2_DIVIDE bound to: 40 - type: integer 
	Parameter CLKOUT2_DUTY_CYCLE bound to: 0.500000 - type: float 
	Parameter CLKOUT2_PHASE bound to: 0.000000 - type: float 
	Parameter CLKOUT3_DIVIDE bound to: 80 - type: integer 
	Parameter CLKOUT3_DUTY_CYCLE bound to: 0.500000 - type: float 
	Parameter CLKOUT3_PHASE bound to: 0.000000 - type: float 
	Parameter CLKOUT4_CASCADE bound to: FALSE - type: string 
	Parameter CLKOUT4_DIVIDE bound to: 1 - type: integer 
	Parameter CLKOUT4_DUTY_CYCLE bound to: 0.500000 - type: float 
	Parameter CLKOUT4_PHASE bound to: 0.000000 - type: float 
	Parameter CLKOUT5_DIVIDE bound to: 1 - type: integer 
	Parameter CLKOUT5_DUTY_CYCLE bound to: 0.500000 - type: float 
	Parameter CLKOUT5_PHASE bound to: 0.000000 - type: float 
	Parameter CLKOUT6_DIVIDE bound to: 1 - type: integer 
	Parameter CLKOUT6_DUTY_CYCLE bound to: 0.500000 - type: float 
	Parameter CLKOUT6_PHASE bound to: 0.000000 - type: float 
	Parameter DIVCLK_DIVIDE bound to: 1 - type: integer 
	Parameter REF_JITTER1 bound to: 0.010000 - type: float 
	Parameter STARTUP_WAIT bound to: FALSE - type: string 
INFO: [Synth 8-256] done synthesizing module 'MMCME2_BASE' (1#1) [/opt/Xilinx/Vivado/2015.1/scripts/rt/data/unisim_comp.v:16119]
WARNING: [Synth 8-350] instance 'mmcm' of module 'MMCME2_BASE' requires 18 connections, but only 10 given [/home/hastings/Lab10/Lab10.srcs/sources_1/imports/lab11/clockdiv.sv:17]
INFO: [Synth 8-638] synthesizing module 'BUFG' [/opt/Xilinx/Vivado/2015.1/scripts/rt/data/unisim_comp.v:607]
INFO: [Synth 8-256] done synthesizing module 'BUFG' (2#1) [/opt/Xilinx/Vivado/2015.1/scripts/rt/data/unisim_comp.v:607]
INFO: [Synth 8-638] synthesizing module 'INV' [/opt/Xilinx/Vivado/2015.1/scripts/rt/data/unisim_comp.v:12858]
INFO: [Synth 8-256] done synthesizing module 'INV' (3#1) [/opt/Xilinx/Vivado/2015.1/scripts/rt/data/unisim_comp.v:12858]
INFO: [Synth 8-638] synthesizing module 'BUFGMUX' [/opt/Xilinx/Vivado/2015.1/scripts/rt/data/unisim_comp.v:696]
	Parameter CLK_SEL_TYPE bound to: ASYNC - type: string 
INFO: [Synth 8-256] done synthesizing module 'BUFGMUX' (4#1) [/opt/Xilinx/Vivado/2015.1/scripts/rt/data/unisim_comp.v:696]
INFO: [Synth 8-256] done synthesizing module 'clockdivider_Nexys4' (5#1) [/home/hastings/Lab10/Lab10.srcs/sources_1/imports/lab11/clockdiv.sv:11]
INFO: [Synth 8-638] synthesizing module 'mips' [/home/hastings/Lab10/Lab10.srcs/sources_1/imports/c541/mips.sv:11]
INFO: [Synth 8-638] synthesizing module 'controller' [/home/hastings/Lab10/Lab10.srcs/sources_1/imports/c541/controller.sv:40]
INFO: [Synth 8-256] done synthesizing module 'controller' (6#1) [/home/hastings/Lab10/Lab10.srcs/sources_1/imports/c541/controller.sv:40]
INFO: [Synth 8-638] synthesizing module 'datapath' [/home/hastings/Lab10/Lab10.srcs/sources_1/new/datapath.sv:23]
	Parameter Abits bound to: 5 - type: integer 
	Parameter Dbits bound to: 32 - type: integer 
	Parameter Nloc bound to: 32 - type: integer 
INFO: [Synth 8-638] synthesizing module 'register_file' [/home/hastings/Lab10/Lab10.srcs/sources_1/new/register_file.sv:11]
	Parameter Abits bound to: 5 - type: integer 
	Parameter Dbits bound to: 32 - type: integer 
	Parameter Nloc bound to: 32 - type: integer 
INFO: [Synth 8-3876] $readmem data file 'reg_data.mif' is read successfully [/home/hastings/Lab10/Lab10.srcs/sources_1/new/register_file.sv:25]
INFO: [Synth 8-256] done synthesizing module 'register_file' (7#1) [/home/hastings/Lab10/Lab10.srcs/sources_1/new/register_file.sv:11]
INFO: [Synth 8-638] synthesizing module 'ALU' [/home/hastings/classes/comp541/project_3/project_3.srcs/sources_1/new/ALU.v:23]
	Parameter N bound to: 32 - type: integer 
INFO: [Synth 8-638] synthesizing module 'addsub' [/home/hastings/Lab10/Lab10.srcs/sources_1/new/addsub.v:23]
	Parameter N bound to: 32 - type: integer 
INFO: [Synth 8-638] synthesizing module 'adder' [/home/hastings/Lab10/Lab10.srcs/sources_1/new/adder.v:23]
	Parameter N bound to: 32 - type: integer 
INFO: [Synth 8-638] synthesizing module 'fulladder' [/home/hastings/Lab10/Lab10.srcs/sources_1/new/fulladder.v:23]
INFO: [Synth 8-256] done synthesizing module 'fulladder' (8#1) [/home/hastings/Lab10/Lab10.srcs/sources_1/new/fulladder.v:23]
INFO: [Synth 8-256] done synthesizing module 'adder' (9#1) [/home/hastings/Lab10/Lab10.srcs/sources_1/new/adder.v:23]
INFO: [Synth 8-256] done synthesizing module 'addsub' (10#1) [/home/hastings/Lab10/Lab10.srcs/sources_1/new/addsub.v:23]
INFO: [Synth 8-638] synthesizing module 'shifter' [/home/hastings/Lab10/Lab10.srcs/sources_1/new/shifter.v:23]
	Parameter N bound to: 32 - type: integer 
INFO: [Synth 8-256] done synthesizing module 'shifter' (11#1) [/home/hastings/Lab10/Lab10.srcs/sources_1/new/shifter.v:23]
INFO: [Synth 8-638] synthesizing module 'logical' [/home/hastings/Lab10/Lab10.srcs/sources_1/new/logical.v:23]
	Parameter N bound to: 32 - type: integer 
INFO: [Synth 8-256] done synthesizing module 'logical' (12#1) [/home/hastings/Lab10/Lab10.srcs/sources_1/new/logical.v:23]
INFO: [Synth 8-638] synthesizing module 'comparator' [/home/hastings/Lab10/Lab10.srcs/sources_1/new/comparator.v:23]
INFO: [Synth 8-256] done synthesizing module 'comparator' (13#1) [/home/hastings/Lab10/Lab10.srcs/sources_1/new/comparator.v:23]
INFO: [Synth 8-256] done synthesizing module 'ALU' (14#1) [/home/hastings/classes/comp541/project_3/project_3.srcs/sources_1/new/ALU.v:23]
INFO: [Synth 8-226] default block is never used [/home/hastings/Lab10/Lab10.srcs/sources_1/new/datapath.sv:104]
INFO: [Synth 8-256] done synthesizing module 'datapath' (15#1) [/home/hastings/Lab10/Lab10.srcs/sources_1/new/datapath.sv:23]
INFO: [Synth 8-256] done synthesizing module 'mips' (16#1) [/home/hastings/Lab10/Lab10.srcs/sources_1/imports/c541/mips.sv:11]
INFO: [Synth 8-638] synthesizing module 'imem' [/home/hastings/Lab10/Lab10.srcs/sources_1/new/imem.sv:11]
	Parameter Nloc bound to: 128 - type: integer 
	Parameter Dbits bound to: 32 - type: integer 
	Parameter Abits bound to: 32 - type: integer 
	Parameter initFile bound to: bounce7.mif - type: string 
INFO: [Synth 8-3876] $readmem data file 'bounce7.mif' is read successfully [/home/hastings/Lab10/Lab10.srcs/sources_1/new/imem.sv:23]
INFO: [Synth 8-256] done synthesizing module 'imem' (17#1) [/home/hastings/Lab10/Lab10.srcs/sources_1/new/imem.sv:11]
INFO: [Synth 8-638] synthesizing module 'dmem' [/home/hastings/Lab10/Lab10.srcs/sources_1/new/dmem.sv:6]
	Parameter Nloc bound to: 256 - type: integer 
	Parameter Dbits bound to: 32 - type: integer 
	Parameter Abits bound to: 32 - type: integer 
	Parameter initFile bound to: screentest_dmem.mif - type: string 
CRITICAL WARNING: [Synth 8-4445] could not open $readmem data file, ignoring [/home/hastings/Lab10/Lab10.srcs/sources_1/new/dmem.sv:21]
INFO: [Synth 8-256] done synthesizing module 'dmem' (18#1) [/home/hastings/Lab10/Lab10.srcs/sources_1/new/dmem.sv:6]
WARNING: [Synth 8-689] width (13) of port connection 'addr' does not match port width (32) of module 'dmem' [/home/hastings/Lab10/Lab10.srcs/sources_1/new/screen_top.sv:80]
INFO: [Synth 8-638] synthesizing module 'smem' [/home/hastings/Lab10/Lab10.srcs/sources_1/new/smem.sv:11]
	Parameter Nloc bound to: 1200 - type: integer 
	Parameter Dbits bound to: 2 - type: integer 
	Parameter Abits bound to: 32 - type: integer 
	Parameter initFile bound to: screentest_smem.mif - type: string 
INFO: [Synth 8-3876] $readmem data file 'screentest_smem.mif' is read successfully [/home/hastings/Lab10/Lab10.srcs/sources_1/new/smem.sv:28]
INFO: [Synth 8-256] done synthesizing module 'smem' (19#1) [/home/hastings/Lab10/Lab10.srcs/sources_1/new/smem.sv:11]
WARNING: [Synth 8-689] width (11) of port connection 'vga_addr' does not match port width (32) of module 'smem' [/home/hastings/Lab10/Lab10.srcs/sources_1/new/screen_top.sv:82]
WARNING: [Synth 8-689] width (13) of port connection 'write_addr' does not match port width (32) of module 'smem' [/home/hastings/Lab10/Lab10.srcs/sources_1/new/screen_top.sv:82]
WARNING: [Synth 8-689] width (32) of port connection 'write_char' does not match port width (2) of module 'smem' [/home/hastings/Lab10/Lab10.srcs/sources_1/new/screen_top.sv:82]
WARNING: [Synth 8-689] width (32) of port connection 'mips_out' does not match port width (2) of module 'smem' [/home/hastings/Lab10/Lab10.srcs/sources_1/new/screen_top.sv:82]
INFO: [Synth 8-638] synthesizing module 'vgadisplaydriver' [/home/hastings/Lab10/Lab10.srcs/sources_1/imports/new/vgadisplaydriver.sv:13]
INFO: [Synth 8-638] synthesizing module 'vgatimer' [/home/hastings/Lab10/Lab10.srcs/sources_1/imports/new/vgatimer.sv:25]
INFO: [Synth 8-638] synthesizing module 'xycounter' [/home/hastings/Lab10/Lab10.srcs/sources_1/imports/new/xycounter.v:23]
	Parameter width bound to: 800 - type: integer 
	Parameter height bound to: 525 - type: integer 
INFO: [Synth 8-256] done synthesizing module 'xycounter' (20#1) [/home/hastings/Lab10/Lab10.srcs/sources_1/imports/new/xycounter.v:23]
INFO: [Synth 8-256] done synthesizing module 'vgatimer' (21#1) [/home/hastings/Lab10/Lab10.srcs/sources_1/imports/new/vgatimer.sv:25]
INFO: [Synth 8-638] synthesizing module 'bmem' [/home/hastings/Lab10/Lab10.srcs/sources_1/new/bmem.sv:11]
	Parameter Nloc bound to: 4096 - type: integer 
	Parameter Dbits bound to: 12 - type: integer 
	Parameter Abits bound to: 32 - type: integer 
	Parameter initFile bound to: screentest_bmem.mif - type: string 
INFO: [Synth 8-3876] $readmem data file 'screentest_bmem.mif' is read successfully [/home/hastings/Lab10/Lab10.srcs/sources_1/new/bmem.sv:23]
INFO: [Synth 8-256] done synthesizing module 'bmem' (22#1) [/home/hastings/Lab10/Lab10.srcs/sources_1/new/bmem.sv:11]
WARNING: [Synth 8-689] width (33) of port connection 'addr' does not match port width (32) of module 'bmem' [/home/hastings/Lab10/Lab10.srcs/sources_1/imports/new/vgadisplaydriver.sv:32]
INFO: [Synth 8-256] done synthesizing module 'vgadisplaydriver' (23#1) [/home/hastings/Lab10/Lab10.srcs/sources_1/imports/new/vgadisplaydriver.sv:13]
INFO: [Synth 8-638] synthesizing module 'tmem' [/home/hastings/Lab10/Lab10.srcs/sources_1/new/tmem.sv:6]
	Parameter Nloc bound to: 16 - type: integer 
	Parameter Dbits bound to: 32 - type: integer 
	Parameter Abits bound to: 32 - type: integer 
INFO: [Synth 8-3876] $readmem data file 'tmem_init.mif' is read successfully [/home/hastings/Lab10/Lab10.srcs/sources_1/new/tmem.sv:22]
INFO: [Synth 8-256] done synthesizing module 'tmem' (24#1) [/home/hastings/Lab10/Lab10.srcs/sources_1/new/tmem.sv:6]
WARNING: [Synth 8-689] width (13) of port connection 'addr' does not match port width (32) of module 'tmem' [/home/hastings/Lab10/Lab10.srcs/sources_1/new/screen_top.sv:86]
WARNING: [Synth 8-689] width (4) of port connection 'debug_addr' does not match port width (32) of module 'tmem' [/home/hastings/Lab10/Lab10.srcs/sources_1/new/screen_top.sv:86]
INFO: [Synth 8-638] synthesizing module 'hexDisplay' [/home/hastings/Lab10/Lab10.srcs/sources_1/new/hexDisplay.sv:23]
INFO: [Synth 8-638] synthesizing module 'hexto7seg' [/home/hastings/Lab10/Lab10.srcs/sources_1/imports/new/hexto7seg.v:9]
INFO: [Synth 8-226] default block is never used [/home/hastings/Lab10/Lab10.srcs/sources_1/imports/new/hexto7seg.v:14]
INFO: [Synth 8-256] done synthesizing module 'hexto7seg' (25#1) [/home/hastings/Lab10/Lab10.srcs/sources_1/imports/new/hexto7seg.v:9]
INFO: [Synth 8-256] done synthesizing module 'hexDisplay' (26#1) [/home/hastings/Lab10/Lab10.srcs/sources_1/new/hexDisplay.sv:23]
INFO: [Synth 8-638] synthesizing module 'keyboard' [/home/hastings/Lab10/Lab10.srcs/sources_1/imports/lab11/keyboard.sv:19]
INFO: [Synth 8-256] done synthesizing module 'keyboard' (27#1) [/home/hastings/Lab10/Lab10.srcs/sources_1/imports/lab11/keyboard.sv:19]
INFO: [Synth 8-256] done synthesizing module 'screen_top' (28#1) [/home/hastings/Lab10/Lab10.srcs/sources_1/new/screen_top.sv:23]
---------------------------------------------------------------------------------
Finished RTL Elaboration : Time (s): cpu = 00:00:07 ; elapsed = 00:00:12 . Memory (MB): peak = 984.055 ; gain = 179.746 ; free physical = 152 ; free virtual = 4487
---------------------------------------------------------------------------------

Report Check Netlist: 
+------+------------------+-------+---------+-------+------------------+
|      |Item              |Errors |Warnings |Status |Description       |
+------+------------------+-------+---------+-------+------------------+
|1     |multi_driven_nets |      0|        0|Passed |Multi driven nets |
+------+------------------+-------+---------+-------+------------------+
---------------------------------------------------------------------------------
Finished RTL Optimization Phase 1 : Time (s): cpu = 00:00:07 ; elapsed = 00:00:12 . Memory (MB): peak = 984.055 ; gain = 179.746 ; free physical = 151 ; free virtual = 4486
---------------------------------------------------------------------------------
INFO: [Netlist 29-17] Analyzing 5 Unisim elements for replacement
INFO: [Netlist 29-28] Unisim Transformation completed in 0 CPU seconds
INFO: [Device 21-403] Loading part xc7a100tcsg324-1
INFO: [Project 1-570] Preparing netlist for logic optimization

Processing XDC Constraints
Initializing timing engine
Parsing XDC File [/home/hastings/Lab10/Lab10.srcs/constrs_1/imports/new/vgadisplaydriver.xdc]
Finished Parsing XDC File [/home/hastings/Lab10/Lab10.srcs/constrs_1/imports/new/vgadisplaydriver.xdc]
Completed Processing XDC Constraints

INFO: [Project 1-111] Unisim Transformation Summary:
  A total of 5 instances were transformed.
  BUFGMUX => BUFGCTRL (inverted pins: CE0): 4 instances
  MMCME2_BASE => MMCME2_ADV: 1 instances

INFO: [Timing 38-2] Deriving generated clocks
Constraint Validation Runtime : Time (s): cpu = 00:00:00.06 ; elapsed = 00:00:00.28 . Memory (MB): peak = 1301.500 ; gain = 0.000 ; free physical = 143 ; free virtual = 4299
---------------------------------------------------------------------------------
Finished Constraint Validation : Time (s): cpu = 00:00:16 ; elapsed = 00:00:23 . Memory (MB): peak = 1301.504 ; gain = 497.195 ; free physical = 148 ; free virtual = 4297
---------------------------------------------------------------------------------
---------------------------------------------------------------------------------
Start Loading Part and Timing Information
---------------------------------------------------------------------------------
Loading part: xc7a100tcsg324-1
---------------------------------------------------------------------------------
Finished Loading Part and Timing Information : Time (s): cpu = 00:00:16 ; elapsed = 00:00:23 . Memory (MB): peak = 1301.504 ; gain = 497.195 ; free physical = 148 ; free virtual = 4298
---------------------------------------------------------------------------------
---------------------------------------------------------------------------------
Start Applying 'set_property' XDC Constraints
---------------------------------------------------------------------------------
---------------------------------------------------------------------------------
Finished applying 'set_property' XDC Constraints : Time (s): cpu = 00:00:16 ; elapsed = 00:00:23 . Memory (MB): peak = 1301.504 ; gain = 497.195 ; free physical = 149 ; free virtual = 4298
---------------------------------------------------------------------------------
INFO: [Synth 8-5546] ROM "mem" won't be mapped to RAM because it is too sparse
INFO: [Synth 8-5546] ROM "y" won't be mapped to RAM because it is too sparse
INFO: [Synth 8-5544] ROM "count" won't be mapped to Block RAM because address size (2) smaller than threshold (5)
---------------------------------------------------------------------------------
Finished RTL Optimization Phase 2 : Time (s): cpu = 00:00:17 ; elapsed = 00:00:24 . Memory (MB): peak = 1301.504 ; gain = 497.195 ; free physical = 123 ; free virtual = 4277
---------------------------------------------------------------------------------

Report RTL Partitions: 
+-+--------------+------------+----------+
| |RTL Partition |Replication |Instances |
+-+--------------+------------+----------+
+-+--------------+------------+----------+
---------------------------------------------------------------------------------
Start RTL Component Statistics 
---------------------------------------------------------------------------------
Detailed RTL Component Info : 
+---Adders : 
	   2 Input     32 Bit       Adders := 2     
	   3 Input     11 Bit       Adders := 1     
	   2 Input     10 Bit       Adders := 2     
	   2 Input      4 Bit       Adders := 1     
	   2 Input      3 Bit       Adders := 1     
	   2 Input      2 Bit       Adders := 1     
+---XORs : 
	   2 Input     32 Bit         XORs := 2     
	   2 Input      1 Bit         XORs := 68    
+---Registers : 
	               32 Bit    Registers := 3     
	               10 Bit    Registers := 3     
	                4 Bit    Registers := 1     
	                3 Bit    Registers := 1     
	                2 Bit    Registers := 2     
+---Muxes : 
	   2 Input     32 Bit        Muxes := 12    
	   5 Input     32 Bit        Muxes := 1     
	   4 Input     32 Bit        Muxes := 3     
	  43 Input     32 Bit        Muxes := 1     
	   3 Input     32 Bit        Muxes := 1     
	   8 Input     10 Bit        Muxes := 1     
	   9 Input     10 Bit        Muxes := 1     
	  16 Input      8 Bit        Muxes := 1     
	  13 Input      5 Bit        Muxes := 1     
	   7 Input      5 Bit        Muxes := 1     
	   2 Input      5 Bit        Muxes := 3     
	  12 Input      4 Bit        Muxes := 1     
	   2 Input      4 Bit        Muxes := 3     
	   7 Input      3 Bit        Muxes := 1     
	   5 Input      2 Bit        Muxes := 1     
	   2 Input      1 Bit        Muxes := 2     
---------------------------------------------------------------------------------
Finished RTL Component Statistics 
---------------------------------------------------------------------------------
---------------------------------------------------------------------------------
Start RTL Hierarchical Component Statistics 
---------------------------------------------------------------------------------
Hierarchical RTL Component report 
Module screen_top 
Detailed RTL Component Info : 
+---Muxes : 
	   3 Input     32 Bit        Muxes := 1     
Module clockdivider_Nexys4 
Detailed RTL Component Info : 
+---Adders : 
	   2 Input      3 Bit       Adders := 1     
+---Registers : 
	                3 Bit    Registers := 1     
Module controller 
Detailed RTL Component Info : 
+---Muxes : 
	   8 Input     10 Bit        Muxes := 1     
	   9 Input     10 Bit        Muxes := 1     
	  13 Input      5 Bit        Muxes := 1     
	   7 Input      5 Bit        Muxes := 1     
	  12 Input      4 Bit        Muxes := 1     
	   7 Input      3 Bit        Muxes := 1     
	   5 Input      2 Bit        Muxes := 1     
Module register_file 
Detailed RTL Component Info : 
+---Muxes : 
	   2 Input     32 Bit        Muxes := 2     
Module fulladder 
Detailed RTL Component Info : 
+---XORs : 
	   2 Input      1 Bit         XORs := 2     
Module adder 
Detailed RTL Component Info : 
+---XORs : 
	   2 Input      1 Bit         XORs := 1     
Module addsub 
Detailed RTL Component Info : 
+---XORs : 
	   2 Input     32 Bit         XORs := 1     
Module shifter 
Detailed RTL Component Info : 
+---Muxes : 
	   2 Input     32 Bit        Muxes := 2     
Module logical 
Detailed RTL Component Info : 
+---XORs : 
	   2 Input     32 Bit         XORs := 1     
+---Muxes : 
	   5 Input     32 Bit        Muxes := 1     
Module comparator 
Detailed RTL Component Info : 
+---XORs : 
	   2 Input      1 Bit         XORs := 1     
+---Muxes : 
	   2 Input      1 Bit        Muxes := 1     
Module ALU 
Detailed RTL Component Info : 
+---Muxes : 
	   2 Input     32 Bit        Muxes := 3     
Module datapath 
Detailed RTL Component Info : 
+---Adders : 
	   2 Input     32 Bit       Adders := 2     
+---Registers : 
	               32 Bit    Registers := 1     
+---Muxes : 
	   4 Input     32 Bit        Muxes := 3     
	   2 Input     32 Bit        Muxes := 4     
	   2 Input      5 Bit        Muxes := 3     
Module imem 
Detailed RTL Component Info : 
+---Muxes : 
	  43 Input     32 Bit        Muxes := 1     
Module xycounter 
Detailed RTL Component Info : 
+---Adders : 
	   2 Input     10 Bit       Adders := 2     
+---Registers : 
	               10 Bit    Registers := 2     
Module vgatimer 
Detailed RTL Component Info : 
+---Adders : 
	   2 Input      2 Bit       Adders := 1     
+---XORs : 
	   2 Input      1 Bit         XORs := 2     
+---Registers : 
	                2 Bit    Registers := 1     
Module vgadisplaydriver 
Detailed RTL Component Info : 
+---Adders : 
	   3 Input     11 Bit       Adders := 1     
+---Muxes : 
	   2 Input      4 Bit        Muxes := 3     
Module hexto7seg 
Detailed RTL Component Info : 
+---Muxes : 
	  16 Input      8 Bit        Muxes := 1     
Module keyboard 
Detailed RTL Component Info : 
+---Adders : 
	   2 Input      4 Bit       Adders := 1     
+---Registers : 
	               32 Bit    Registers := 2     
	               10 Bit    Registers := 1     
	                4 Bit    Registers := 1     
	                2 Bit    Registers := 1     
+---Muxes : 
	   2 Input     32 Bit        Muxes := 1     
	   2 Input      1 Bit        Muxes := 1     
---------------------------------------------------------------------------------
Finished RTL Hierarchical Component Statistics
---------------------------------------------------------------------------------
---------------------------------------------------------------------------------
Start Part Resource Summary
---------------------------------------------------------------------------------
Part Resources:
DSPs: 240 (col length:80)
BRAMs: 270 (col length: RAMB18 80 RAMB36 40)
---------------------------------------------------------------------------------
Finished Part Resource Summary
---------------------------------------------------------------------------------
Start Parallel Synthesis Optimization  : Time (s): cpu = 00:00:17 ; elapsed = 00:00:24 . Memory (MB): peak = 1301.504 ; gain = 497.195 ; free physical = 150 ; free virtual = 4278
---------------------------------------------------------------------------------
Start Cross Boundary Optimization
---------------------------------------------------------------------------------
INFO: [Synth 8-5546] ROM "myvgatimer/xy/y" won't be mapped to RAM because it is too sparse
---------------------------------------------------------------------------------
Finished Cross Boundary Optimization : Time (s): cpu = 00:00:17 ; elapsed = 00:00:24 . Memory (MB): peak = 1301.504 ; gain = 497.195 ; free physical = 140 ; free virtual = 4270
---------------------------------------------------------------------------------
Finished Parallel Reinference  : Time (s): cpu = 00:00:17 ; elapsed = 00:00:24 . Memory (MB): peak = 1301.504 ; gain = 497.195 ; free physical = 140 ; free virtual = 4270

Report RTL Partitions: 
+-+--------------+------------+----------+
| |RTL Partition |Replication |Instances |
+-+--------------+------------+----------+
+-+--------------+------------+----------+
---------------------------------------------------------------------------------
Start ROM, RAM, DSP and Shift Register Reporting
---------------------------------------------------------------------------------

ROM:
+-----------------+------------+---------------+----------------+
|Module Name      | RTL Object | Depth x Width | Implemented As | 
+-----------------+------------+---------------+----------------+
|bmem             | rom        | 1024x12       | LUT            | 
|vgadisplaydriver | rom        | 1024x12       | LUT            | 
+-----------------+------------+---------------+----------------+


Distributed RAM: 
+------------+----------------------+-----------+----------------------+----------------------------------------------+--------------------+
|Module Name | RTL Object           | Inference | Size (Depth x Width) | Primitives                                   | Hierarchical Name  | 
+------------+----------------------+-----------+----------------------+----------------------------------------------+--------------------+
|screen_top  | mips/dp/myreg/rf_reg | Implied   | 32 x 32              | RAM32M x 12                                  | screen_top/ram__8  | 
|screen_top  | screenmem/mem_reg    | Implied   | 2 K x 2              | RAM16X1D x 2  RAM32X1D x 2  RAM128X1D x 18   | screen_top/ram__10 | 
|screen_top  | tmem/mem_reg         | Implied   | 16 x 32              | RAM32M x 6                                   | screen_top/ram__12 | 
|screen_top  | dmem/mem_reg         | Implied   | 256 x 32             | RAM256X1S x 32                               | screen_top/ram__14 | 
+------------+----------------------+-----------+----------------------+----------------------------------------------+--------------------+

Note: The table shows the Distributed RAMs at the current stage of the synthesis flow. Some Distributed RAMs may be reimplemented as non Distributed RAM primitives later in the synthesis flow. Multiple instantiated RAMs are reported only once. "Hierarchical Name" reflects the Distributed RAM name as it appears in the hierarchical module and only part of it is displayed.
---------------------------------------------------------------------------------
Finished ROM, RAM, DSP and Shift Register Reporting
---------------------------------------------------------------------------------
WARNING: [Synth 8-3332] Sequential element (\keyb/ps2_clk_prev2_reg[1] ) is unused and will be removed from module screen_top.
WARNING: [Synth 8-3332] Sequential element (\keyb/ps2_clk_prev2_reg[0] ) is unused and will be removed from module screen_top.
WARNING: [Synth 8-3332] Sequential element (\keyb/count_reg[3] ) is unused and will be removed from module screen_top.
WARNING: [Synth 8-3332] Sequential element (\keyb/count_reg[2] ) is unused and will be removed from module screen_top.
WARNING: [Synth 8-3332] Sequential element (\keyb/count_reg[1] ) is unused and will be removed from module screen_top.
WARNING: [Synth 8-3332] Sequential element (\keyb/count_reg[0] ) is unused and will be removed from module screen_top.
WARNING: [Synth 8-3332] Sequential element (\keyb/timeout_reg[0] ) is unused and will be removed from module screen_top.
WARNING: [Synth 8-3332] Sequential element (\keyb/timeout_reg[1] ) is unused and will be removed from module screen_top.
WARNING: [Synth 8-3332] Sequential element (\keyb/timeout_reg[2] ) is unused and will be removed from module screen_top.
WARNING: [Synth 8-3332] Sequential element (\keyb/timeout_reg[3] ) is unused and will be removed from module screen_top.
WARNING: [Synth 8-3332] Sequential element (\keyb/timeout_reg[4] ) is unused and will be removed from module screen_top.
WARNING: [Synth 8-3332] Sequential element (\keyb/timeout_reg[5] ) is unused and will be removed from module screen_top.
WARNING: [Synth 8-3332] Sequential element (\keyb/timeout_reg[6] ) is unused and will be removed from module screen_top.
WARNING: [Synth 8-3332] Sequential element (\keyb/timeout_reg[7] ) is unused and will be removed from module screen_top.
WARNING: [Synth 8-3332] Sequential element (\keyb/timeout_reg[8] ) is unused and will be removed from module screen_top.
WARNING: [Synth 8-3332] Sequential element (\keyb/timeout_reg[9] ) is unused and will be removed from module screen_top.
WARNING: [Synth 8-3332] Sequential element (\keyb/timeout_reg[10] ) is unused and will be removed from module screen_top.
WARNING: [Synth 8-3332] Sequential element (\keyb/timeout_reg[11] ) is unused and will be removed from module screen_top.
WARNING: [Synth 8-3332] Sequential element (\keyb/timeout_reg[12] ) is unused and will be removed from module screen_top.
WARNING: [Synth 8-3332] Sequential element (\keyb/timeout_reg[13] ) is unused and will be removed from module screen_top.
WARNING: [Synth 8-3332] Sequential element (\keyb/timeout_reg[14] ) is unused and will be removed from module screen_top.
WARNING: [Synth 8-3332] Sequential element (\keyb/timeout_reg[15] ) is unused and will be removed from module screen_top.
WARNING: [Synth 8-3332] Sequential element (\keyb/timeout_reg[16] ) is unused and will be removed from module screen_top.
WARNING: [Synth 8-3332] Sequential element (\keyb/timeout_reg[17] ) is unused and will be removed from module screen_top.
WARNING: [Synth 8-3332] Sequential element (\keyb/timeout_reg[18] ) is unused and will be removed from module screen_top.
WARNING: [Synth 8-3332] Sequential element (\keyb/timeout_reg[19] ) is unused and will be removed from module screen_top.
WARNING: [Synth 8-3332] Sequential element (\keyb/bits_reg[9] ) is unused and will be removed from module screen_top.
WARNING: [Synth 8-3332] Sequential element (\keyb/bits_reg[8] ) is unused and will be removed from module screen_top.
WARNING: [Synth 8-3332] Sequential element (\keyb/bits_reg[7] ) is unused and will be removed from module screen_top.
WARNING: [Synth 8-3332] Sequential element (\keyb/bits_reg[6] ) is unused and will be removed from module screen_top.
WARNING: [Synth 8-3332] Sequential element (\keyb/bits_reg[5] ) is unused and will be removed from module screen_top.
WARNING: [Synth 8-3332] Sequential element (\keyb/bits_reg[4] ) is unused and will be removed from module screen_top.
WARNING: [Synth 8-3332] Sequential element (\keyb/bits_reg[3] ) is unused and will be removed from module screen_top.
WARNING: [Synth 8-3332] Sequential element (\keyb/bits_reg[2] ) is unused and will be removed from module screen_top.
WARNING: [Synth 8-3332] Sequential element (\keyb/bits_reg[1] ) is unused and will be removed from module screen_top.
WARNING: [Synth 8-3332] Sequential element (\keyb/bits_reg[0] ) is unused and will be removed from module screen_top.
WARNING: [Synth 8-3332] Sequential element (\keyb/temp_char_reg[31] ) is unused and will be removed from module screen_top.
WARNING: [Synth 8-3332] Sequential element (\keyb/temp_char_reg[30] ) is unused and will be removed from module screen_top.
WARNING: [Synth 8-3332] Sequential element (\keyb/temp_char_reg[29] ) is unused and will be removed from module screen_top.
WARNING: [Synth 8-3332] Sequential element (\keyb/temp_char_reg[28] ) is unused and will be removed from module screen_top.
WARNING: [Synth 8-3332] Sequential element (\keyb/temp_char_reg[27] ) is unused and will be removed from module screen_top.
WARNING: [Synth 8-3332] Sequential element (\keyb/temp_char_reg[26] ) is unused and will be removed from module screen_top.
WARNING: [Synth 8-3332] Sequential element (\keyb/temp_char_reg[25] ) is unused and will be removed from module screen_top.
WARNING: [Synth 8-3332] Sequential element (\keyb/temp_char_reg[24] ) is unused and will be removed from module screen_top.
WARNING: [Synth 8-3332] Sequential element (\keyb/temp_char_reg[23] ) is unused and will be removed from module screen_top.
WARNING: [Synth 8-3332] Sequential element (\keyb/temp_char_reg[22] ) is unused and will be removed from module screen_top.
WARNING: [Synth 8-3332] Sequential element (\keyb/temp_char_reg[21] ) is unused and will be removed from module screen_top.
WARNING: [Synth 8-3332] Sequential element (\keyb/temp_char_reg[20] ) is unused and will be removed from module screen_top.
WARNING: [Synth 8-3332] Sequential element (\keyb/temp_char_reg[19] ) is unused and will be removed from module screen_top.
WARNING: [Synth 8-3332] Sequential element (\keyb/temp_char_reg[18] ) is unused and will be removed from module screen_top.
WARNING: [Synth 8-3332] Sequential element (\keyb/temp_char_reg[17] ) is unused and will be removed from module screen_top.
WARNING: [Synth 8-3332] Sequential element (\keyb/temp_char_reg[16] ) is unused and will be removed from module screen_top.
WARNING: [Synth 8-3332] Sequential element (\keyb/temp_char_reg[15] ) is unused and will be removed from module screen_top.
WARNING: [Synth 8-3332] Sequential element (\keyb/temp_char_reg[14] ) is unused and will be removed from module screen_top.
WARNING: [Synth 8-3332] Sequential element (\keyb/temp_char_reg[13] ) is unused and will be removed from module screen_top.
WARNING: [Synth 8-3332] Sequential element (\keyb/temp_char_reg[12] ) is unused and will be removed from module screen_top.
WARNING: [Synth 8-3332] Sequential element (\keyb/temp_char_reg[11] ) is unused and will be removed from module screen_top.
WARNING: [Synth 8-3332] Sequential element (\keyb/temp_char_reg[10] ) is unused and will be removed from module screen_top.
WARNING: [Synth 8-3332] Sequential element (\keyb/temp_char_reg[9] ) is unused and will be removed from module screen_top.
WARNING: [Synth 8-3332] Sequential element (\keyb/temp_char_reg[8] ) is unused and will be removed from module screen_top.
WARNING: [Synth 8-3332] Sequential element (\keyb/temp_char_reg[7] ) is unused and will be removed from module screen_top.
WARNING: [Synth 8-3332] Sequential element (\keyb/temp_char_reg[6] ) is unused and will be removed from module screen_top.
WARNING: [Synth 8-3332] Sequential element (\keyb/temp_char_reg[5] ) is unused and will be removed from module screen_top.
WARNING: [Synth 8-3332] Sequential element (\keyb/temp_char_reg[4] ) is unused and will be removed from module screen_top.
WARNING: [Synth 8-3332] Sequential element (\keyb/temp_char_reg[3] ) is unused and will be removed from module screen_top.
WARNING: [Synth 8-3332] Sequential element (\keyb/temp_char_reg[2] ) is unused and will be removed from module screen_top.
WARNING: [Synth 8-3332] Sequential element (\keyb/temp_char_reg[1] ) is unused and will be removed from module screen_top.
WARNING: [Synth 8-3332] Sequential element (\keyb/temp_char_reg[0] ) is unused and will be removed from module screen_top.
WARNING: [Synth 8-3332] Sequential element (\keyb/keyb_char_reg[31] ) is unused and will be removed from module screen_top.
WARNING: [Synth 8-3332] Sequential element (\keyb/keyb_char_reg[30] ) is unused and will be removed from module screen_top.
WARNING: [Synth 8-3332] Sequential element (\keyb/keyb_char_reg[29] ) is unused and will be removed from module screen_top.
WARNING: [Synth 8-3332] Sequential element (\keyb/keyb_char_reg[28] ) is unused and will be removed from module screen_top.
WARNING: [Synth 8-3332] Sequential element (\keyb/keyb_char_reg[27] ) is unused and will be removed from module screen_top.
WARNING: [Synth 8-3332] Sequential element (\keyb/keyb_char_reg[26] ) is unused and will be removed from module screen_top.
WARNING: [Synth 8-3332] Sequential element (\keyb/keyb_char_reg[25] ) is unused and will be removed from module screen_top.
WARNING: [Synth 8-3332] Sequential element (\keyb/keyb_char_reg[24] ) is unused and will be removed from module screen_top.
WARNING: [Synth 8-3332] Sequential element (\keyb/keyb_char_reg[23] ) is unused and will be removed from module screen_top.
WARNING: [Synth 8-3332] Sequential element (\keyb/keyb_char_reg[22] ) is unused and will be removed from module screen_top.
WARNING: [Synth 8-3332] Sequential element (\keyb/keyb_char_reg[21] ) is unused and will be removed from module screen_top.
WARNING: [Synth 8-3332] Sequential element (\keyb/keyb_char_reg[20] ) is unused and will be removed from module screen_top.
WARNING: [Synth 8-3332] Sequential element (\keyb/keyb_char_reg[19] ) is unused and will be removed from module screen_top.
WARNING: [Synth 8-3332] Sequential element (\keyb/keyb_char_reg[18] ) is unused and will be removed from module screen_top.
WARNING: [Synth 8-3332] Sequential element (\keyb/keyb_char_reg[17] ) is unused and will be removed from module screen_top.
WARNING: [Synth 8-3332] Sequential element (\keyb/keyb_char_reg[16] ) is unused and will be removed from module screen_top.
WARNING: [Synth 8-3332] Sequential element (\keyb/keyb_char_reg[15] ) is unused and will be removed from module screen_top.
WARNING: [Synth 8-3332] Sequential element (\keyb/keyb_char_reg[14] ) is unused and will be removed from module screen_top.
WARNING: [Synth 8-3332] Sequential element (\keyb/keyb_char_reg[13] ) is unused and will be removed from module screen_top.
WARNING: [Synth 8-3332] Sequential element (\keyb/keyb_char_reg[12] ) is unused and will be removed from module screen_top.
WARNING: [Synth 8-3332] Sequential element (\keyb/keyb_char_reg[11] ) is unused and will be removed from module screen_top.
WARNING: [Synth 8-3332] Sequential element (\keyb/keyb_char_reg[10] ) is unused and will be removed from module screen_top.
WARNING: [Synth 8-3332] Sequential element (\keyb/keyb_char_reg[9] ) is unused and will be removed from module screen_top.
WARNING: [Synth 8-3332] Sequential element (\keyb/keyb_char_reg[8] ) is unused and will be removed from module screen_top.
WARNING: [Synth 8-3332] Sequential element (\keyb/keyb_char_reg[7] ) is unused and will be removed from module screen_top.
WARNING: [Synth 8-3332] Sequential element (\keyb/keyb_char_reg[6] ) is unused and will be removed from module screen_top.
WARNING: [Synth 8-3332] Sequential element (\keyb/keyb_char_reg[5] ) is unused and will be removed from module screen_top.
WARNING: [Synth 8-3332] Sequential element (\keyb/keyb_char_reg[4] ) is unused and will be removed from module screen_top.
WARNING: [Synth 8-3332] Sequential element (\keyb/keyb_char_reg[3] ) is unused and will be removed from module screen_top.
WARNING: [Synth 8-3332] Sequential element (\keyb/keyb_char_reg[2] ) is unused and will be removed from module screen_top.
WARNING: [Synth 8-3332] Sequential element (\keyb/keyb_char_reg[1] ) is unused and will be removed from module screen_top.
WARNING: [Synth 8-3332] Sequential element (\keyb/keyb_char_reg[0] ) is unused and will be removed from module screen_top.
INFO: [Common 17-14] Message 'Synth 8-3332' appears 100 times and further instances of the messages will be disabled. Use the Tcl command set_msg_config to change the current settings.
---------------------------------------------------------------------------------
Start Area Optimization
---------------------------------------------------------------------------------
---------------------------------------------------------------------------------
Finished Area Optimization : Time (s): cpu = 00:00:29 ; elapsed = 00:00:36 . Memory (MB): peak = 1301.508 ; gain = 497.199 ; free physical = 146 ; free virtual = 4263
---------------------------------------------------------------------------------
Finished Parallel Area Optimization  : Time (s): cpu = 00:00:29 ; elapsed = 00:00:36 . Memory (MB): peak = 1301.508 ; gain = 497.199 ; free physical = 146 ; free virtual = 4263

Report RTL Partitions: 
+-+--------------+------------+----------+
| |RTL Partition |Replication |Instances |
+-+--------------+------------+----------+
+-+--------------+------------+----------+
Finished Parallel Synthesis Optimization  : Time (s): cpu = 00:00:29 ; elapsed = 00:00:36 . Memory (MB): peak = 1301.508 ; gain = 497.199 ; free physical = 146 ; free virtual = 4263
---------------------------------------------------------------------------------
Start Timing Optimization
---------------------------------------------------------------------------------
---------------------------------------------------------------------------------
Start Applying XDC Timing Constraints
---------------------------------------------------------------------------------
---------------------------------------------------------------------------------
Finished Applying XDC Timing Constraints : Time (s): cpu = 00:00:38 ; elapsed = 00:00:46 . Memory (MB): peak = 1301.508 ; gain = 497.199 ; free physical = 148 ; free virtual = 4203
---------------------------------------------------------------------------------
---------------------------------------------------------------------------------
Finished Timing Optimization : Time (s): cpu = 00:00:39 ; elapsed = 00:00:47 . Memory (MB): peak = 1301.508 ; gain = 497.199 ; free physical = 147 ; free virtual = 4201
---------------------------------------------------------------------------------

Report RTL Partitions: 
+-+--------------+------------+----------+
| |RTL Partition |Replication |Instances |
+-+--------------+------------+----------+
+-+--------------+------------+----------+
---------------------------------------------------------------------------------
Start Technology Mapping
---------------------------------------------------------------------------------
---------------------------------------------------------------------------------
Finished Technology Mapping : Time (s): cpu = 00:00:46 ; elapsed = 00:00:55 . Memory (MB): peak = 1379.508 ; gain = 575.199 ; free physical = 136 ; free virtual = 4121
---------------------------------------------------------------------------------

Report RTL Partitions: 
+-+--------------+------------+----------+
| |RTL Partition |Replication |Instances |
+-+--------------+------------+----------+
+-+--------------+------------+----------+
---------------------------------------------------------------------------------
Start IO Insertion
---------------------------------------------------------------------------------
---------------------------------------------------------------------------------
Start Final Netlist Cleanup
---------------------------------------------------------------------------------
---------------------------------------------------------------------------------
Finished Final Netlist Cleanup
---------------------------------------------------------------------------------
---------------------------------------------------------------------------------
Finished IO Insertion : Time (s): cpu = 00:00:47 ; elapsed = 00:00:56 . Memory (MB): peak = 1379.508 ; gain = 575.199 ; free physical = 136 ; free virtual = 4121
---------------------------------------------------------------------------------

Report Check Netlist: 
+------+------------------+-------+---------+-------+------------------+
|      |Item              |Errors |Warnings |Status |Description       |
+------+------------------+-------+---------+-------+------------------+
|1     |multi_driven_nets |      0|        0|Passed |Multi driven nets |
+------+------------------+-------+---------+-------+------------------+
---------------------------------------------------------------------------------
Start Renaming Generated Instances
---------------------------------------------------------------------------------
---------------------------------------------------------------------------------
Finished Renaming Generated Instances : Time (s): cpu = 00:00:47 ; elapsed = 00:00:56 . Memory (MB): peak = 1379.508 ; gain = 575.199 ; free physical = 136 ; free virtual = 4121
---------------------------------------------------------------------------------

Report RTL Partitions: 
+-+--------------+------------+----------+
| |RTL Partition |Replication |Instances |
+-+--------------+------------+----------+
+-+--------------+------------+----------+
---------------------------------------------------------------------------------
Start Rebuilding User Hierarchy
---------------------------------------------------------------------------------
---------------------------------------------------------------------------------
Finished Rebuilding User Hierarchy : Time (s): cpu = 00:00:47 ; elapsed = 00:00:56 . Memory (MB): peak = 1379.508 ; gain = 575.199 ; free physical = 136 ; free virtual = 4121
---------------------------------------------------------------------------------
---------------------------------------------------------------------------------
Start Renaming Generated Ports : Time (s): cpu = 00:00:47 ; elapsed = 00:00:56 . Memory (MB): peak = 1379.508 ; gain = 575.199 ; free physical = 136 ; free virtual = 4121
---------------------------------------------------------------------------------
---------------------------------------------------------------------------------
Finished Renaming Generated Ports : Time (s): cpu = 00:00:47 ; elapsed = 00:00:56 . Memory (MB): peak = 1379.508 ; gain = 575.199 ; free physical = 136 ; free virtual = 4121
---------------------------------------------------------------------------------
---------------------------------------------------------------------------------
Start Writing Synthesis Report
---------------------------------------------------------------------------------

Report BlackBoxes: 
+-+--------------+----------+
| |BlackBox name |Instances |
+-+--------------+----------+
+-+--------------+----------+

Report Cell Usage: 
+------+------------+------+
|      |Cell        |Count |
+------+------------+------+
|1     |BUFG        |     2|
|2     |BUFGMUX     |     4|
|3     |CARRY4      |    25|
|4     |LUT1        |    57|
|5     |LUT2        |    88|
|6     |LUT3        |   109|
|7     |LUT4        |   163|
|8     |LUT5        |   132|
|9     |LUT6        |   464|
|10    |MMCME2_BASE |     1|
|11    |MUXF7       |     7|
|12    |RAM128X1D   |    18|
|13    |RAM16X1D    |     2|
|14    |RAM256X1S   |    32|
|15    |RAM32M      |    18|
|16    |RAM32X1D    |     2|
|17    |FDRE        |    78|
|18    |IBUF        |     5|
|19    |OBUF        |    30|
+------+------------+------+

Report Instance Areas: 
+------+---------------+--------------------+------+
|      |Instance       |Module              |Cells |
+------+---------------+--------------------+------+
|1     |top            |                    |  1237|
|2     |  clkdv        |clockdivider_Nexys4 |    13|
|3     |  dmem         |dmem                |    34|
|4     |  hx           |hexDisplay          |    56|
|5     |  mips         |mips                |   958|
|6     |    dp         |datapath            |   958|
|7     |      myreg    |register_file       |   839|
|8     |  screenmem    |smem                |    36|
|9     |  tmem         |tmem                |    25|
|10    |  vga          |vgadisplaydriver    |    78|
|11    |    myvgatimer |vgatimer            |    78|
|12    |      xy       |xycounter           |    74|
+------+---------------+--------------------+------+
---------------------------------------------------------------------------------
Finished Writing Synthesis Report : Time (s): cpu = 00:00:47 ; elapsed = 00:00:56 . Memory (MB): peak = 1379.508 ; gain = 575.199 ; free physical = 136 ; free virtual = 4121
---------------------------------------------------------------------------------
Synthesis finished with 0 errors, 0 critical warnings and 100 warnings.
Synthesis Optimization Runtime : Time (s): cpu = 00:00:38 ; elapsed = 00:00:41 . Memory (MB): peak = 1379.508 ; gain = 149.293 ; free physical = 136 ; free virtual = 4121
Synthesis Optimization Complete : Time (s): cpu = 00:00:47 ; elapsed = 00:00:56 . Memory (MB): peak = 1379.508 ; gain = 575.199 ; free physical = 136 ; free virtual = 4121
INFO: [Project 1-571] Translating synthesized netlist
INFO: [Netlist 29-17] Analyzing 107 Unisim elements for replacement
INFO: [Netlist 29-28] Unisim Transformation completed in 0 CPU seconds
INFO: [Project 1-570] Preparing netlist for logic optimization
INFO: [Opt 31-138] Pushed 0 inverter(s) to 0 load pin(s).
INFO: [Project 1-111] Unisim Transformation Summary:
  A total of 77 instances were transformed.
  BUFGMUX => BUFGCTRL (inverted pins: CE0): 4 instances
  MMCME2_BASE => MMCME2_ADV: 1 instances
  RAM128X1D => RAM128X1D (RAMD64E, RAMD64E, MUXF7, MUXF7, RAMD64E, RAMD64E): 18 instances
  RAM16X1D => RAM32X1D (RAMD32, RAMD32): 2 instances
  RAM256X1S => RAM256X1S (MUXF7, MUXF7, MUXF8, RAMS64E, RAMS64E, RAMS64E, RAMS64E): 32 instances
  RAM32M => RAM32M (RAMD32, RAMD32, RAMD32, RAMD32, RAMD32, RAMD32, RAMS32, RAMS32): 18 instances
  RAM32X1D => RAM32X1D (RAMD32, RAMD32): 2 instances

INFO: [Common 17-83] Releasing license: Synthesis
83 Infos, 112 Warnings, 1 Critical Warnings and 0 Errors encountered.
synth_design completed successfully
synth_design: Time (s): cpu = 00:00:45 ; elapsed = 00:00:51 . Memory (MB): peak = 1379.512 ; gain = 466.742 ; free physical = 133 ; free virtual = 4121
report_utilization: Time (s): cpu = 00:00:00.14 ; elapsed = 00:00:01 . Memory (MB): peak = 1411.527 ; gain = 0.000 ; free physical = 159 ; free virtual = 4120
INFO: [Common 17-206] Exiting Vivado at Mon Nov 23 19:12:15 2015...
